{"/Users/apple/Documents/practice-project/JavaScript-easyfrontend/js-labs/main.js": {"path":"/Users/apple/Documents/practice-project/JavaScript-easyfrontend/js-labs/main.js","statementMap":{"0":{"start":{"line":2,"column":2},"end":{"line":2,"column":14}}},"fnMap":{"0":{"name":"sum","decl":{"start":{"line":1,"column":16},"end":{"line":1,"column":19}},"loc":{"start":{"line":1,"column":26},"end":{"line":3,"column":1}},"line":1}},"branchMap":{},"s":{"0":1},"f":{"0":1},"b":{},"_coverageSchema":"1a1c01bbd47fc00a2c39e90264f33305004495a9","hash":"3e6b7c826dc352388cc813666e1ce42f2696739c"}
,"/Users/apple/Documents/practice-project/JavaScript-easyfrontend/js-labs/easyfrontend/lesson/05-09-main.js": {"path":"/Users/apple/Documents/practice-project/JavaScript-easyfrontend/js-labs/easyfrontend/lesson/05-09-main.js","statementMap":{"0":{"start":{"line":41,"column":2},"end":{"line":41,"column":51}},"1":{"start":{"line":41,"column":29},"end":{"line":41,"column":51}},"2":{"start":{"line":43,"column":2},"end":{"line":43,"column":35}},"3":{"start":{"line":43,"column":16},"end":{"line":43,"column":35}},"4":{"start":{"line":44,"column":2},"end":{"line":44,"column":30}},"5":{"start":{"line":44,"column":17},"end":{"line":44,"column":30}},"6":{"start":{"line":45,"column":2},"end":{"line":45,"column":34}},"7":{"start":{"line":45,"column":17},"end":{"line":45,"column":34}},"8":{"start":{"line":47,"column":2},"end":{"line":47,"column":14}}},"fnMap":{"0":{"name":"classifyStudentV3","decl":{"start":{"line":40,"column":16},"end":{"line":40,"column":33}},"loc":{"start":{"line":40,"column":40},"end":{"line":48,"column":1}},"line":40}},"branchMap":{"0":{"loc":{"start":{"line":41,"column":2},"end":{"line":41,"column":51}},"type":"if","locations":[{"start":{"line":41,"column":2},"end":{"line":41,"column":51}},{"start":{},"end":{}}],"line":41},"1":{"loc":{"start":{"line":41,"column":6},"end":{"line":41,"column":27}},"type":"binary-expr","locations":[{"start":{"line":41,"column":6},"end":{"line":41,"column":14}},{"start":{"line":41,"column":18},"end":{"line":41,"column":27}}],"line":41},"2":{"loc":{"start":{"line":43,"column":2},"end":{"line":43,"column":35}},"type":"if","locations":[{"start":{"line":43,"column":2},"end":{"line":43,"column":35}},{"start":{},"end":{}}],"line":43},"3":{"loc":{"start":{"line":44,"column":2},"end":{"line":44,"column":30}},"type":"if","locations":[{"start":{"line":44,"column":2},"end":{"line":44,"column":30}},{"start":{},"end":{}}],"line":44},"4":{"loc":{"start":{"line":45,"column":2},"end":{"line":45,"column":34}},"type":"if","locations":[{"start":{"line":45,"column":2},"end":{"line":45,"column":34}},{"start":{},"end":{}}],"line":45}},"s":{"0":12,"1":2,"2":10,"3":2,"4":8,"5":2,"6":6,"7":3,"8":3},"f":{"0":12},"b":{"0":[2,10],"1":[12,11],"2":[2,8],"3":[2,6],"4":[3,3]},"_coverageSchema":"1a1c01bbd47fc00a2c39e90264f33305004495a9","hash":"e7b17ace76df817828e540957c94ce9735e144e5"}
}
